<?xml version="1.0" encoding="UTF-8"?>
<!-- Generated by org.testng.reporters.JUnitXMLReporter -->
<testsuite ignored="0" hostname="DESKTOP-CCGKBQ7" failures="0" tests="4" name="Default test" time="12.95" errors="0" timestamp="2024-07-16T17:27:52 IST">
  <testcase classname="api.test.UserTests" name="testPostUser" time="5.673"/>
  <testcase classname="api.test.UserTests" name="testGetUser" time="1.169"/>
  <testcase classname="api.test.UserTests" name="testUpdateUser" time="2.239"/>
  <testcase classname="api.test.UserTests" name="testDeleteUser" time="1.157"/>
</testsuite> <!-- Default test -->
