<?xml version="1.0" encoding="UTF-8"?>
<!-- Generated by org.testng.reporters.JUnitXMLReporter -->
<testsuite ignored="0" hostname="DESKTOP-CCGKBQ7" failures="1" tests="10" name="Test" time="23.266" errors="0" timestamp="2024-07-16T17:50:34 IST">
  <testcase classname="api.test.UserTests" name="testPostUser" time="5.111">
    <failure type="java.lang.AssertionError" message="expected [2000] but found [200]">
      <![CDATA[java.lang.AssertionError: expected [2000] but found [200]
at api.test.UserTests.testPostUser(UserTests.java:46)
at java.base/java.util.ArrayList.forEach(ArrayList.java:1511)
... Removed 34 stack frames]]>
    </failure>
  </testcase> <!-- testPostUser -->
  <testcase classname="api.test.UserTests" name="testGetUser" time="1.291"/>
  <testcase classname="api.test.UserTests" name="testUpdateUser" time="2.248"/>
  <testcase classname="api.test.UserTests" name="testDeleteUser" time="1.18"/>
  <testcase classname="api.test.DDTests" name="testPostUser" time="1.179"/>
  <testcase classname="api.test.DDTests" name="testPostUser" time="1.144"/>
  <testcase classname="api.test.DDTests" name="testPostUser" time="2.159"/>
  <testcase classname="api.test.DDTests" name="testDeleteUser" time="1.072"/>
  <testcase classname="api.test.DDTests" name="testDeleteUser" time="1.163"/>
  <testcase classname="api.test.DDTests" name="testDeleteUser" time="1.092"/>
</testsuite> <!-- Test -->
