<?xml version="1.0" encoding="UTF-8"?>
<!-- Generated by org.testng.reporters.JUnitXMLReporter -->
<testsuite ignored="0" hostname="DESKTOP-CCGKBQ7" failures="0" tests="10" name="Test" time="26.667" errors="0" timestamp="2024-07-17T09:09:39 IST">
  <testcase classname="api.test.UserTests" name="testPostUser" time="5.617"/>
  <testcase classname="api.test.UserTests" name="testGetUser" time="1.683"/>
  <testcase classname="api.test.UserTests" name="testUpdateUser" time="3.17"/>
  <testcase classname="api.test.UserTests" name="testDeleteUser" time="1.43"/>
  <testcase classname="api.test.DDTests" name="testPostUser" time="1.911"/>
  <testcase classname="api.test.DDTests" name="testPostUser" time="1.463"/>
  <testcase classname="api.test.DDTests" name="testPostUser" time="1.485"/>
  <testcase classname="api.test.DDTests" name="testDeleteUser" time="1.767"/>
  <testcase classname="api.test.DDTests" name="testDeleteUser" time="1.844"/>
  <testcase classname="api.test.DDTests" name="testDeleteUser" time="1.841"/>
</testsuite> <!-- Test -->
