<?xml version="1.0" encoding="UTF-8"?>
<testsuite xmlns:xsi="http://www.w3.org/2001/XMLSchema-instance" xsi:noNamespaceSchemaLocation="https://maven.apache.org/surefire/maven-surefire-plugin/xsd/surefire-test-report-3.0.xsd" version="3.0" name="TestSuite" time="28.125" tests="10" errors="0" skipped="0" failures="0">
  <properties>
[...]
</properties>
  <testcase name="testPostUser" classname="api.test.UserTests" time="5.639">
    <system-out><![CDATA[09:09:14.634 [main] INFO  api.test.UserTests - *********************** Creating user **************************************
HTTP/1.1 200 OK
Date: Wed, 17 Jul 2024 03:39:20 GMT
Content-Type: application/json
Transfer-Encoding: chunked
Connection: keep-alive
Access-Control-Allow-Origin: *
Access-Control-Allow-Methods: GET, POST, DELETE, PUT
Access-Control-Allow-Headers: Content-Type, api_key, Authorization
Server: Jetty(9.2.9.v20150224)

{
    "code": 200,
    "type": "unknown",
    "message": "478489615"
}
09:09:20.237 [main] INFO  api.test.UserTests - *********************** user is created Successfully **************************************
]]></system-out>
    <system-err><![CDATA[SLF4J: Failed to load class "org.slf4j.impl.StaticLoggerBinder".
SLF4J: Defaulting to no-operation (NOP) logger implementation
SLF4J: See http://www.slf4j.org/codes.html#StaticLoggerBinder for further details.
]]></system-err>
  </testcase>
  <testcase name="testGetUser" classname="api.test.UserTests" time="1.683">
    <system-out><![CDATA[HTTP/1.1 200 OK
Date: Wed, 17 Jul 2024 03:39:21 GMT
Content-Type: application/json
Transfer-Encoding: chunked
Connection: keep-alive
Access-Control-Allow-Origin: *
Access-Control-Allow-Methods: GET, POST, DELETE, PUT
Access-Control-Allow-Headers: Content-Type, api_key, Authorization
Server: Jetty(9.2.9.v20150224)

{
    "id": 478489615,
    "username": "raul.kerluke",
    "firstName": "Sook",
    "lastName": "Wiegand",
    "email": "xiao.moore@example.com",
    "password": "cxnxv6tdlw8puk",
    "phone": "881.148.0955",
    "userStatus": 0
}
]]></system-out>
  </testcase>
  <testcase name="testUpdateUser" classname="api.test.UserTests" time="3.189">
    <system-out><![CDATA[HTTP/1.1 200 OK
Date: Wed, 17 Jul 2024 03:39:23 GMT
Content-Type: application/json
Transfer-Encoding: chunked
Connection: keep-alive
Access-Control-Allow-Origin: *
Access-Control-Allow-Methods: GET, POST, DELETE, PUT
Access-Control-Allow-Headers: Content-Type, api_key, Authorization
Server: Jetty(9.2.9.v20150224)

{
    "code": 200,
    "type": "unknown",
    "message": "478489615"
}
HTTP/1.1 200 OK
Date: Wed, 17 Jul 2024 03:39:23 GMT
Content-Type: application/json
Transfer-Encoding: chunked
Connection: keep-alive
Access-Control-Allow-Origin: *
Access-Control-Allow-Methods: GET, POST, DELETE, PUT
Access-Control-Allow-Headers: Content-Type, api_key, Authorization
Server: Jetty(9.2.9.v20150224)

{
    "code": 200,
    "type": "unknown",
    "message": "478489615"
}
]]></system-out>
  </testcase>
  <testcase name="testDeleteUser" classname="api.test.UserTests" time="1.405"/>
  <testcase name="testPostUser[1010, testuser1, john, pom, test1@gmail.com, test@123, 123456789](1)" classname="api.test.DDTests" time="1.91"/>
  <testcase name="testPostUser[1020, testuser2, lohn, kom, test2@gmail.com, test@321, 123456987](2)" classname="api.test.DDTests" time="1.464"/>
  <testcase name="testPostUser[1030, testuser3, kohn, dom, test3@gmail.com, test@111, 789456161](3)" classname="api.test.DDTests" time="1.485"/>
  <testcase name="testDeleteUser[testuser1](1)" classname="api.test.DDTests" time="1.765"/>
  <testcase name="testDeleteUser[testuser2](2)" classname="api.test.DDTests" time="1.851"/>
  <testcase name="testDeleteUser[testuser3](3)" classname="api.test.DDTests" time="1.834"/>
</testsuite>