<?xml version="1.0" encoding="UTF-8"?>
<testng-results ignored="0" total="10" passed="10" failed="0" skipped="0">
  <reporter-output>
  </reporter-output>
  <suite started-at="2024-07-17T09:09:12 IST" name="Suite" finished-at="2024-07-17T09:09:38 IST" duration-ms="26667">
    <groups>
    </groups>
    <test started-at="2024-07-17T09:09:12 IST" name="Test" finished-at="2024-07-17T09:09:38 IST" duration-ms="26667">
      <class name="api.test.UserTests">
        <test-method is-config="true" signature="setupData()[pri:0, instance:api.test.UserTests@f5ac9e4]" started-at="2024-07-17T09:09:13 IST" name="setupData" finished-at="2024-07-17T09:09:14 IST" duration-ms="1475" status="PASS">
          <reporter-output>
          </reporter-output>
        </test-method> <!-- setupData -->
        <test-method signature="testPostUser()[pri:1, instance:api.test.UserTests@f5ac9e4]" started-at="2024-07-17T09:09:14 IST" name="testPostUser" finished-at="2024-07-17T09:09:20 IST" duration-ms="5617" status="PASS">
          <reporter-output>
          </reporter-output>
        </test-method> <!-- testPostUser -->
        <test-method signature="testGetUser()[pri:2, instance:api.test.UserTests@f5ac9e4]" started-at="2024-07-17T09:09:20 IST" name="testGetUser" finished-at="2024-07-17T09:09:21 IST" duration-ms="1683" status="PASS">
          <reporter-output>
          </reporter-output>
        </test-method> <!-- testGetUser -->
        <test-method signature="testUpdateUser()[pri:3, instance:api.test.UserTests@f5ac9e4]" started-at="2024-07-17T09:09:21 IST" name="testUpdateUser" finished-at="2024-07-17T09:09:25 IST" duration-ms="3170" status="PASS">
          <reporter-output>
          </reporter-output>
        </test-method> <!-- testUpdateUser -->
        <test-method signature="testDeleteUser()[pri:4, instance:api.test.UserTests@f5ac9e4]" started-at="2024-07-17T09:09:25 IST" name="testDeleteUser" finished-at="2024-07-17T09:09:26 IST" duration-ms="1430" status="PASS">
          <reporter-output>
          </reporter-output>
        </test-method> <!-- testDeleteUser -->
      </class> <!-- api.test.UserTests -->
      <class name="api.test.DDTests">
        <test-method signature="testPostUser(java.lang.String,java.lang.String,java.lang.String,java.lang.String,java.lang.String,java.lang.String,java.lang.String)[pri:1, instance:api.test.DDTests@7334aada]" started-at="2024-07-17T09:09:28 IST" name="testPostUser" data-provider="Data" finished-at="2024-07-17T09:09:30 IST" duration-ms="1911" status="PASS">
          <params>
            <param index="0">
              <value>
                <![CDATA[1010]]>
              </value>
            </param>
            <param index="1">
              <value>
                <![CDATA[testuser1]]>
              </value>
            </param>
            <param index="2">
              <value>
                <![CDATA[john]]>
              </value>
            </param>
            <param index="3">
              <value>
                <![CDATA[pom]]>
              </value>
            </param>
            <param index="4">
              <value>
                <![CDATA[test1@gmail.com]]>
              </value>
            </param>
            <param index="5">
              <value>
                <![CDATA[test@123]]>
              </value>
            </param>
            <param index="6">
              <value>
                <![CDATA[123456789]]>
              </value>
            </param>
          </params>
          <reporter-output>
          </reporter-output>
        </test-method> <!-- testPostUser -->
        <test-method signature="testPostUser(java.lang.String,java.lang.String,java.lang.String,java.lang.String,java.lang.String,java.lang.String,java.lang.String)[pri:1, instance:api.test.DDTests@7334aada]" started-at="2024-07-17T09:09:30 IST" name="testPostUser" data-provider="Data" finished-at="2024-07-17T09:09:31 IST" duration-ms="1463" status="PASS">
          <params>
            <param index="0">
              <value>
                <![CDATA[1020]]>
              </value>
            </param>
            <param index="1">
              <value>
                <![CDATA[testuser2]]>
              </value>
            </param>
            <param index="2">
              <value>
                <![CDATA[lohn]]>
              </value>
            </param>
            <param index="3">
              <value>
                <![CDATA[kom]]>
              </value>
            </param>
            <param index="4">
              <value>
                <![CDATA[test2@gmail.com]]>
              </value>
            </param>
            <param index="5">
              <value>
                <![CDATA[test@321]]>
              </value>
            </param>
            <param index="6">
              <value>
                <![CDATA[123456987]]>
              </value>
            </param>
          </params>
          <reporter-output>
          </reporter-output>
        </test-method> <!-- testPostUser -->
        <test-method signature="testPostUser(java.lang.String,java.lang.String,java.lang.String,java.lang.String,java.lang.String,java.lang.String,java.lang.String)[pri:1, instance:api.test.DDTests@7334aada]" started-at="2024-07-17T09:09:31 IST" name="testPostUser" data-provider="Data" finished-at="2024-07-17T09:09:33 IST" duration-ms="1485" status="PASS">
          <params>
            <param index="0">
              <value>
                <![CDATA[1030]]>
              </value>
            </param>
            <param index="1">
              <value>
                <![CDATA[testuser3]]>
              </value>
            </param>
            <param index="2">
              <value>
                <![CDATA[kohn]]>
              </value>
            </param>
            <param index="3">
              <value>
                <![CDATA[dom]]>
              </value>
            </param>
            <param index="4">
              <value>
                <![CDATA[test3@gmail.com]]>
              </value>
            </param>
            <param index="5">
              <value>
                <![CDATA[test@111]]>
              </value>
            </param>
            <param index="6">
              <value>
                <![CDATA[789456161]]>
              </value>
            </param>
          </params>
          <reporter-output>
          </reporter-output>
        </test-method> <!-- testPostUser -->
        <test-method signature="testDeleteUser(java.lang.String)[pri:2, instance:api.test.DDTests@7334aada]" started-at="2024-07-17T09:09:33 IST" name="testDeleteUser" data-provider="UserNames" finished-at="2024-07-17T09:09:35 IST" duration-ms="1767" status="PASS">
          <params>
            <param index="0">
              <value>
                <![CDATA[testuser1]]>
              </value>
            </param>
          </params>
          <reporter-output>
          </reporter-output>
        </test-method> <!-- testDeleteUser -->
        <test-method signature="testDeleteUser(java.lang.String)[pri:2, instance:api.test.DDTests@7334aada]" started-at="2024-07-17T09:09:35 IST" name="testDeleteUser" data-provider="UserNames" finished-at="2024-07-17T09:09:36 IST" duration-ms="1844" status="PASS">
          <params>
            <param index="0">
              <value>
                <![CDATA[testuser2]]>
              </value>
            </param>
          </params>
          <reporter-output>
          </reporter-output>
        </test-method> <!-- testDeleteUser -->
        <test-method signature="testDeleteUser(java.lang.String)[pri:2, instance:api.test.DDTests@7334aada]" started-at="2024-07-17T09:09:36 IST" name="testDeleteUser" data-provider="UserNames" finished-at="2024-07-17T09:09:38 IST" duration-ms="1841" status="PASS">
          <params>
            <param index="0">
              <value>
                <![CDATA[testuser3]]>
              </value>
            </param>
          </params>
          <reporter-output>
          </reporter-output>
        </test-method> <!-- testDeleteUser -->
      </class> <!-- api.test.DDTests -->
    </test> <!-- Test -->
  </suite> <!-- Suite -->
</testng-results>
